<?xml version="1.0" encoding="UTF-8"?>
<!-- Generated by org.testng.reporters.JUnitReportReporter -->
<testsuite hostname="rahul" failures="0" tests="1" name="d_MAVENNeostoxTestNG_.F_NEOSTOX_TESTNG" time="24.662" errors="0" timestamp="2022-12-13T18:41:25 IST" skipped="0">
  <testcase classname="d_MAVENNeostoxTestNG_.F_NEOSTOX_TESTNG" name="testcase" time="24.662"/>
  <system-out>
    <![CDATA[validate userId]]>
  </system-out>
</testsuite> <!-- d_MAVENNeostoxTestNG_.F_NEOSTOX_TESTNG -->
